c:\users\benbrem\downloads\arbeit\stereo-demo-main\stereo-viewer-project\opengltemplate\x64\debug\vc143.pdb
c:\users\benbrem\downloads\arbeit\stereo-demo-main\stereo-viewer-project\opengltemplate\x64\debug\vc143.idb
c:\users\benbrem\downloads\arbeit\stereo-demo-main\stereo-viewer-project\opengltemplate\x64\debug\glad.obj
c:\users\benbrem\downloads\arbeit\stereo-demo-main\stereo-viewer-project\opengltemplate\x64\debug\cursor.obj
c:\users\benbrem\downloads\arbeit\stereo-demo-main\stereo-viewer-project\opengltemplate\x64\debug\voxalizer.obj
c:\users\benbrem\downloads\arbeit\stereo-demo-main\stereo-viewer-project\opengltemplate\x64\debug\stbimageimpl.obj
c:\users\benbrem\downloads\arbeit\stereo-demo-main\stereo-viewer-project\opengltemplate\x64\debug\scenemanager.obj
c:\users\benbrem\downloads\arbeit\stereo-demo-main\stereo-viewer-project\opengltemplate\x64\debug\pointcloudloader.obj
c:\users\benbrem\downloads\arbeit\stereo-demo-main\stereo-viewer-project\opengltemplate\x64\debug\portable-file-dialogs.obj
c:\users\benbrem\downloads\arbeit\stereo-demo-main\stereo-viewer-project\opengltemplate\x64\debug\modelloader.obj
c:\users\benbrem\downloads\arbeit\stereo-demo-main\stereo-viewer-project\opengltemplate\x64\debug\main.obj
c:\users\benbrem\downloads\arbeit\stereo-demo-main\stereo-viewer-project\opengltemplate\x64\debug\imgui_style.obj
c:\users\benbrem\downloads\arbeit\stereo-demo-main\stereo-viewer-project\opengltemplate\x64\debug\imgui_widgets.obj
c:\users\benbrem\downloads\arbeit\stereo-demo-main\stereo-viewer-project\opengltemplate\x64\debug\imgui_tables.obj
c:\users\benbrem\downloads\arbeit\stereo-demo-main\stereo-viewer-project\opengltemplate\x64\debug\imgui_draw.obj
c:\users\benbrem\downloads\arbeit\stereo-demo-main\stereo-viewer-project\opengltemplate\x64\debug\imgui.obj
c:\users\benbrem\downloads\arbeit\stereo-demo-main\stereo-viewer-project\opengltemplate\x64\debug\imgui_impl_opengl3.obj
c:\users\benbrem\downloads\arbeit\stereo-demo-main\stereo-viewer-project\opengltemplate\x64\debug\imgui_impl_glfw.obj
c:\users\benbrem\downloads\arbeit\stereo-demo-main\stereo-viewer-project\opengltemplate\x64\debug\window.obj
c:\users\benbrem\downloads\arbeit\stereo-demo-main\stereo-viewer-project\opengltemplate\x64\debug\shader.obj
c:\users\benbrem\downloads\arbeit\stereo-demo-main\stereo-viewer-project\opengltemplate\x64\debug\input.obj
c:\users\benbrem\downloads\arbeit\stereo-demo-main\stereo-viewer-project\opengltemplate\x64\debug\buffers.obj
c:\users\benbrem\downloads\arbeit\stereo-demo-main\stereo-viewer-project\opengltemplate\x64\debug\cursorpresets.obj
c:\users\benbrem\downloads\arbeit\stereo-demo-main\stereo-viewer-project\opengltemplate\x64\debug\gui.obj
c:\users\benbrem\downloads\arbeit\stereo-demo-main\stereo-viewer-project\opengltemplate\x64\debug\spherecursor.obj
c:\users\benbrem\downloads\arbeit\stereo-demo-main\stereo-viewer-project\opengltemplate\x64\debug\planecursor.obj
c:\users\benbrem\downloads\arbeit\stereo-demo-main\stereo-viewer-project\opengltemplate\x64\debug\fragmentcursor.obj
c:\users\benbrem\downloads\arbeit\stereo-demo-main\stereo-viewer-project\opengltemplate\x64\debug\cursormanager.obj
c:\users\benbrem\downloads\arbeit\stereo-demo-main\stereo-viewer-project\bin\x64\debug\stereo demo.exe
c:\users\benbrem\downloads\arbeit\stereo-demo-main\stereo-viewer-project\opengltemplate\x64\debug\stereo demo.ilk
c:\users\benbrem\downloads\arbeit\stereo-demo-main\stereo-viewer-project\bin\x64\debug\stereo demo.pdb
c:\users\benbrem\downloads\arbeit\stereo-demo-main\stereo-viewer-project\\bin\x64\debug\stereo demo.pdb
c:\users\benbrem\downloads\arbeit\stereo-demo-main\stereo-viewer-project\opengltemplate\x64\debug\stereo demo.tlog\cl.command.1.tlog
c:\users\benbrem\downloads\arbeit\stereo-demo-main\stereo-viewer-project\opengltemplate\x64\debug\stereo demo.tlog\cl.items.tlog
c:\users\benbrem\downloads\arbeit\stereo-demo-main\stereo-viewer-project\opengltemplate\x64\debug\stereo demo.tlog\cl.read.1.tlog
c:\users\benbrem\downloads\arbeit\stereo-demo-main\stereo-viewer-project\opengltemplate\x64\debug\stereo demo.tlog\cl.write.1.tlog
c:\users\benbrem\downloads\arbeit\stereo-demo-main\stereo-viewer-project\opengltemplate\x64\debug\stereo demo.tlog\link.command.1.tlog
c:\users\benbrem\downloads\arbeit\stereo-demo-main\stereo-viewer-project\opengltemplate\x64\debug\stereo demo.tlog\link.read.1.tlog
c:\users\benbrem\downloads\arbeit\stereo-demo-main\stereo-viewer-project\opengltemplate\x64\debug\stereo demo.tlog\link.write.1.tlog
