  SpaceMouseInput.cpp
  main.cpp
LINK : warning LNK4098: defaultlib 'LIBCMT' conflicts with use of other libs; use /NODEFAULTLIB:library
  Generating code
  Previous IPDB and IOBJ mismatch, fall back to full compilation.
  All 8981 functions were compiled because no usable IPDB/IOBJ from previous compilation was found.
  Finished generating code
libhdf5.lib(H5.obj) : warning LNK4099: PDB '' was not found with 'libhdf5.lib(H5.obj)' or at ''; linking object as if no debug info
libhdf5.lib(H5CX.obj) : warning LNK4099: PDB '' was not found with 'libhdf5.lib(H5CX.obj)' or at ''; linking object as if no debug info
libhdf5.lib(H5MM.obj) : warning LNK4099: PDB '' was not found with 'libhdf5.lib(H5MM.obj)' or at ''; linking object as if no debug info
libhdf5.lib(H5Aint.obj) : warning LNK4099: PDB '' was not found with 'libhdf5.lib(H5Aint.obj)' or at ''; linking object as if no debug info
libhdf5.lib(H5AC.obj) : warning LNK4099: PDB '' was not found with 'libhdf5.lib(H5AC.obj)' or at ''; linking object as if no debug info
libhdf5.lib(H5Dint.obj) : warning LNK4099: PDB '' was not found with 'libhdf5.lib(H5Dint.obj)' or at ''; linking object as if no debug info
libhdf5.lib(H5E.obj) : warning LNK4099: PDB '' was not found with 'libhdf5.lib(H5E.obj)' or at ''; linking object as if no debug info
libhdf5.lib(H5ESint.obj) : warning LNK4099: PDB '' was not found with 'libhdf5.lib(H5ESint.obj)' or at ''; linking object as if no debug info
libhdf5.lib(H5Fint.obj) : warning LNK4099: PDB '' was not found with 'libhdf5.lib(H5Fint.obj)' or at ''; linking object as if no debug info
libhdf5.lib(H5FD.obj) : warning LNK4099: PDB '' was not found with 'libhdf5.lib(H5FD.obj)' or at ''; linking object as if no debug info
libhdf5.lib(H5FL.obj) : warning LNK4099: PDB '' was not found with 'libhdf5.lib(H5FL.obj)' or at ''; linking object as if no debug info
libhdf5.lib(H5Gint.obj) : warning LNK4099: PDB '' was not found with 'libhdf5.lib(H5Gint.obj)' or at ''; linking object as if no debug info
libhdf5.lib(H5Iint.obj) : warning LNK4099: PDB '' was not found with 'libhdf5.lib(H5Iint.obj)' or at ''; linking object as if no debug info
libhdf5.lib(H5Lint.obj) : warning LNK4099: PDB '' was not found with 'libhdf5.lib(H5Lint.obj)' or at ''; linking object as if no debug info
libhdf5.lib(H5M.obj) : warning LNK4099: PDB '' was not found with 'libhdf5.lib(H5M.obj)' or at ''; linking object as if no debug info
libhdf5.lib(H5Pint.obj) : warning LNK4099: PDB '' was not found with 'libhdf5.lib(H5Pint.obj)' or at ''; linking object as if no debug info
libhdf5.lib(H5PLint.obj) : warning LNK4099: PDB '' was not found with 'libhdf5.lib(H5PLint.obj)' or at ''; linking object as if no debug info
libhdf5.lib(H5S.obj) : warning LNK4099: PDB '' was not found with 'libhdf5.lib(H5S.obj)' or at ''; linking object as if no debug info
libhdf5.lib(H5SL.obj) : warning LNK4099: PDB '' was not found with 'libhdf5.lib(H5SL.obj)' or at ''; linking object as if no debug info
libhdf5.lib(H5T.obj) : warning LNK4099: PDB '' was not found with 'libhdf5.lib(H5T.obj)' or at ''; linking object as if no debug info
libhdf5.lib(H5VLint.obj) : warning LNK4099: PDB '' was not found with 'libhdf5.lib(H5VLint.obj)' or at ''; linking object as if no debug info
libhdf5.lib(H5Z.obj) : warning LNK4099: PDB '' was not found with 'libhdf5.lib(H5Z.obj)' or at ''; linking object as if no debug info
libhdf5.lib(H5Eint.obj) : warning LNK4099: PDB '' was not found with 'libhdf5.lib(H5Eint.obj)' or at ''; linking object as if no debug info
libhdf5.lib(H5FDsec2.obj) : warning LNK4099: PDB '' was not found with 'libhdf5.lib(H5FDsec2.obj)' or at ''; linking object as if no debug info
libhdf5.lib(H5build_settings.obj) : warning LNK4099: PDB '' was not found with 'libhdf5.lib(H5build_settings.obj)' or at ''; linking object as if no debug info
libhdf5.lib(H5VLcallback.obj) : warning LNK4099: PDB '' was not found with 'libhdf5.lib(H5VLcallback.obj)' or at ''; linking object as if no debug info
libhdf5.lib(H5Fquery.obj) : warning LNK4099: PDB '' was not found with 'libhdf5.lib(H5Fquery.obj)' or at ''; linking object as if no debug info
libhdf5.lib(H5Plapl.obj) : warning LNK4099: PDB '' was not found with 'libhdf5.lib(H5Plapl.obj)' or at ''; linking object as if no debug info
libhdf5.lib(H5Pdapl.obj) : warning LNK4099: PDB '' was not found with 'libhdf5.lib(H5Pdapl.obj)' or at ''; linking object as if no debug info
libhdf5.lib(H5Pfapl.obj) : warning LNK4099: PDB '' was not found with 'libhdf5.lib(H5Pfapl.obj)' or at ''; linking object as if no debug info
libhdf5.lib(H5system.obj) : warning LNK4099: PDB '' was not found with 'libhdf5.lib(H5system.obj)' or at ''; linking object as if no debug info
libhdf5.lib(H5Tconv.obj) : warning LNK4099: PDB '' was not found with 'libhdf5.lib(H5Tconv.obj)' or at ''; linking object as if no debug info
libhdf5.lib(H5Tcommit.obj) : warning LNK4099: PDB '' was not found with 'libhdf5.lib(H5Tcommit.obj)' or at ''; linking object as if no debug info
libhdf5.lib(H5Gname.obj) : warning LNK4099: PDB '' was not found with 'libhdf5.lib(H5Gname.obj)' or at ''; linking object as if no debug info
libhdf5.lib(H5Gloc.obj) : warning LNK4099: PDB '' was not found with 'libhdf5.lib(H5Gloc.obj)' or at ''; linking object as if no debug info
libhdf5.lib(H5Oint.obj) : warning LNK4099: PDB '' was not found with 'libhdf5.lib(H5Oint.obj)' or at ''; linking object as if no debug info
libhdf5.lib(H5Omessage.obj) : warning LNK4099: PDB '' was not found with 'libhdf5.lib(H5Omessage.obj)' or at ''; linking object as if no debug info
libhdf5.lib(H5Ocopy.obj) : warning LNK4099: PDB '' was not found with 'libhdf5.lib(H5Ocopy.obj)' or at ''; linking object as if no debug info
libhdf5.lib(H5Ocopy_ref.obj) : warning LNK4099: PDB '' was not found with 'libhdf5.lib(H5Ocopy_ref.obj)' or at ''; linking object as if no debug info
libhdf5.lib(H5B2.obj) : warning LNK4099: PDB '' was not found with 'libhdf5.lib(H5B2.obj)' or at ''; linking object as if no debug info
libhdf5.lib(H5Adense.obj) : warning LNK4099: PDB '' was not found with 'libhdf5.lib(H5Adense.obj)' or at ''; linking object as if no debug info
libhdf5.lib(H5Oattribute.obj) : warning LNK4099: PDB '' was not found with 'libhdf5.lib(H5Oattribute.obj)' or at ''; linking object as if no debug info
libhdf5.lib(H5SM.obj) : warning LNK4099: PDB '' was not found with 'libhdf5.lib(H5SM.obj)' or at ''; linking object as if no debug info
libhdf5.lib(H5Oattr.obj) : warning LNK4099: PDB '' was not found with 'libhdf5.lib(H5Oattr.obj)' or at ''; linking object as if no debug info
libhdf5.lib(H5Bcache.obj) : warning LNK4099: PDB '' was not found with 'libhdf5.lib(H5Bcache.obj)' or at ''; linking object as if no debug info
libhdf5.lib(H5Gcache.obj) : warning LNK4099: PDB '' was not found with 'libhdf5.lib(H5Gcache.obj)' or at ''; linking object as if no debug info
libhdf5.lib(H5HLcache.obj) : warning LNK4099: PDB '' was not found with 'libhdf5.lib(H5HLcache.obj)' or at ''; linking object as if no debug info
libhdf5.lib(H5HGcache.obj) : warning LNK4099: PDB '' was not found with 'libhdf5.lib(H5HGcache.obj)' or at ''; linking object as if no debug info
libhdf5.lib(H5Ocache.obj) : warning LNK4099: PDB '' was not found with 'libhdf5.lib(H5Ocache.obj)' or at ''; linking object as if no debug info
libhdf5.lib(H5B2cache.obj) : warning LNK4099: PDB '' was not found with 'libhdf5.lib(H5B2cache.obj)' or at ''; linking object as if no debug info
libhdf5.lib(H5HFcache.obj) : warning LNK4099: PDB '' was not found with 'libhdf5.lib(H5HFcache.obj)' or at ''; linking object as if no debug info
libhdf5.lib(H5FScache.obj) : warning LNK4099: PDB '' was not found with 'libhdf5.lib(H5FScache.obj)' or at ''; linking object as if no debug info
libhdf5.lib(H5SMcache.obj) : warning LNK4099: PDB '' was not found with 'libhdf5.lib(H5SMcache.obj)' or at ''; linking object as if no debug info
libhdf5.lib(H5EAcache.obj) : warning LNK4099: PDB '' was not found with 'libhdf5.lib(H5EAcache.obj)' or at ''; linking object as if no debug info
libhdf5.lib(H5FAcache.obj) : warning LNK4099: PDB '' was not found with 'libhdf5.lib(H5FAcache.obj)' or at ''; linking object as if no debug info
libhdf5.lib(H5Fsuper_cache.obj) : warning LNK4099: PDB '' was not found with 'libhdf5.lib(H5Fsuper_cache.obj)' or at ''; linking object as if no debug info
libhdf5.lib(H5Cepoch.obj) : warning LNK4099: PDB '' was not found with 'libhdf5.lib(H5Cepoch.obj)' or at ''; linking object as if no debug info
libhdf5.lib(H5ACproxy_entry.obj) : warning LNK4099: PDB '' was not found with 'libhdf5.lib(H5ACproxy_entry.obj)' or at ''; linking object as if no debug info
libhdf5.lib(H5Cprefetched.obj) : warning LNK4099: PDB '' was not found with 'libhdf5.lib(H5Cprefetched.obj)' or at ''; linking object as if no debug info
libhdf5.lib(H5C.obj) : warning LNK4099: PDB '' was not found with 'libhdf5.lib(H5C.obj)' or at ''; linking object as if no debug info
libhdf5.lib(H5Cdbg.obj) : warning LNK4099: PDB '' was not found with 'libhdf5.lib(H5Cdbg.obj)' or at ''; linking object as if no debug info
libhdf5.lib(H5Centry.obj) : warning LNK4099: PDB '' was not found with 'libhdf5.lib(H5Centry.obj)' or at ''; linking object as if no debug info
libhdf5.lib(H5Ctag.obj) : warning LNK4099: PDB '' was not found with 'libhdf5.lib(H5Ctag.obj)' or at ''; linking object as if no debug info
libhdf5.lib(H5Cquery.obj) : warning LNK4099: PDB '' was not found with 'libhdf5.lib(H5Cquery.obj)' or at ''; linking object as if no debug info
libhdf5.lib(H5Cimage.obj) : warning LNK4099: PDB '' was not found with 'libhdf5.lib(H5Cimage.obj)' or at ''; linking object as if no debug info
libhdf5.lib(H5Clog.obj) : warning LNK4099: PDB '' was not found with 'libhdf5.lib(H5Clog.obj)' or at ''; linking object as if no debug info
libhdf5.lib(H5Pdxpl.obj) : warning LNK4099: PDB '' was not found with 'libhdf5.lib(H5Pdxpl.obj)' or at ''; linking object as if no debug info
libhdf5.lib(H5Pdcpl.obj) : warning LNK4099: PDB '' was not found with 'libhdf5.lib(H5Pdcpl.obj)' or at ''; linking object as if no debug info
libhdf5.lib(H5Sselect.obj) : warning LNK4099: PDB '' was not found with 'libhdf5.lib(H5Sselect.obj)' or at ''; linking object as if no debug info
libhdf5.lib(H5Sall.obj) : warning LNK4099: PDB '' was not found with 'libhdf5.lib(H5Sall.obj)' or at ''; linking object as if no debug info
libhdf5.lib(H5Spoint.obj) : warning LNK4099: PDB '' was not found with 'libhdf5.lib(H5Spoint.obj)' or at ''; linking object as if no debug info
libhdf5.lib(H5Fio.obj) : warning LNK4099: PDB '' was not found with 'libhdf5.lib(H5Fio.obj)' or at ''; linking object as if no debug info
libhdf5.lib(H5Oflush.obj) : warning LNK4099: PDB '' was not found with 'libhdf5.lib(H5Oflush.obj)' or at ''; linking object as if no debug info
libhdf5.lib(H5Ofill.obj) : warning LNK4099: PDB '' was not found with 'libhdf5.lib(H5Ofill.obj)' or at ''; linking object as if no debug info
libhdf5.lib(H5Opline.obj) : warning LNK4099: PDB '' was not found with 'libhdf5.lib(H5Opline.obj)' or at ''; linking object as if no debug info
libhdf5.lib(H5Dchunk.obj) : warning LNK4099: PDB '' was not found with 'libhdf5.lib(H5Dchunk.obj)' or at ''; linking object as if no debug info
libhdf5.lib(H5Dvirtual.obj) : warning LNK4099: PDB '' was not found with 'libhdf5.lib(H5Dvirtual.obj)' or at ''; linking object as if no debug info
libhdf5.lib(H5Dio.obj) : warning LNK4099: PDB '' was not found with 'libhdf5.lib(H5Dio.obj)' or at ''; linking object as if no debug info
libhdf5.lib(H5Dlayout.obj) : warning LNK4099: PDB '' was not found with 'libhdf5.lib(H5Dlayout.obj)' or at ''; linking object as if no debug info
libhdf5.lib(H5Dcontig.obj) : warning LNK4099: PDB '' was not found with 'libhdf5.lib(H5Dcontig.obj)' or at ''; linking object as if no debug info
libhdf5.lib(H5Dcompact.obj) : warning LNK4099: PDB '' was not found with 'libhdf5.lib(H5Dcompact.obj)' or at ''; linking object as if no debug info
libhdf5.lib(H5FO.obj) : warning LNK4099: PDB '' was not found with 'libhdf5.lib(H5FO.obj)' or at ''; linking object as if no debug info
libhdf5.lib(H5Dbtree.obj) : warning LNK4099: PDB '' was not found with 'libhdf5.lib(H5Dbtree.obj)' or at ''; linking object as if no debug info
libhdf5.lib(H5Edeprec.obj) : warning LNK4099: PDB '' was not found with 'libhdf5.lib(H5Edeprec.obj)' or at ''; linking object as if no debug info
libhdf5.lib(H5timer.obj) : warning LNK4099: PDB '' was not found with 'libhdf5.lib(H5timer.obj)' or at ''; linking object as if no debug info
libhdf5.lib(H5trace.obj) : warning LNK4099: PDB '' was not found with 'libhdf5.lib(H5trace.obj)' or at ''; linking object as if no debug info
libhdf5.lib(H5ESlist.obj) : warning LNK4099: PDB '' was not found with 'libhdf5.lib(H5ESlist.obj)' or at ''; linking object as if no debug info
libhdf5.lib(H5ESevent.obj) : warning LNK4099: PDB '' was not found with 'libhdf5.lib(H5ESevent.obj)' or at ''; linking object as if no debug info
libhdf5.lib(H5RS.obj) : warning LNK4099: PDB '' was not found with 'libhdf5.lib(H5RS.obj)' or at ''; linking object as if no debug info
libhdf5.lib(H5FDint.obj) : warning LNK4099: PDB '' was not found with 'libhdf5.lib(H5FDint.obj)' or at ''; linking object as if no debug info
libhdf5.lib(H5Fsfile.obj) : warning LNK4099: PDB '' was not found with 'libhdf5.lib(H5Fsfile.obj)' or at ''; linking object as if no debug info
libhdf5.lib(H5Fsuper.obj) : warning LNK4099: PDB '' was not found with 'libhdf5.lib(H5Fsuper.obj)' or at ''; linking object as if no debug info
libhdf5.lib(H5Gnode.obj) : warning LNK4099: PDB '' was not found with 'libhdf5.lib(H5Gnode.obj)' or at ''; linking object as if no debug info
libhdf5.lib(H5Groot.obj) : warning LNK4099: PDB '' was not found with 'libhdf5.lib(H5Groot.obj)' or at ''; linking object as if no debug info
libhdf5.lib(H5PB.obj) : warning LNK4099: PDB '' was not found with 'libhdf5.lib(H5PB.obj)' or at ''; linking object as if no debug info
libhdf5.lib(H5Fmount.obj) : warning LNK4099: PDB '' was not found with 'libhdf5.lib(H5Fmount.obj)' or at ''; linking object as if no debug info
libhdf5.lib(H5Faccum.obj) : warning LNK4099: PDB '' was not found with 'libhdf5.lib(H5Faccum.obj)' or at ''; linking object as if no debug info
libhdf5.lib(H5Fefc.obj) : warning LNK4099: PDB '' was not found with 'libhdf5.lib(H5Fefc.obj)' or at ''; linking object as if no debug info
libhdf5.lib(H5MF.obj) : warning LNK4099: PDB '' was not found with 'libhdf5.lib(H5MF.obj)' or at ''; linking object as if no debug info
libhdf5.lib(H5MFaggr.obj) : warning LNK4099: PDB '' was not found with 'libhdf5.lib(H5MFaggr.obj)' or at ''; linking object as if no debug info
libhdf5.lib(H5FDspace.obj) : warning LNK4099: PDB '' was not found with 'libhdf5.lib(H5FDspace.obj)' or at ''; linking object as if no debug info
libhdf5.lib(H5Glink.obj) : warning LNK4099: PDB '' was not found with 'libhdf5.lib(H5Glink.obj)' or at ''; linking object as if no debug info
libhdf5.lib(H5Gobj.obj) : warning LNK4099: PDB '' was not found with 'libhdf5.lib(H5Gobj.obj)' or at ''; linking object as if no debug info
libhdf5.lib(H5Gtraverse.obj) : warning LNK4099: PDB '' was not found with 'libhdf5.lib(H5Gtraverse.obj)' or at ''; linking object as if no debug info
libhdf5.lib(H5Lexternal.obj) : warning LNK4099: PDB '' was not found with 'libhdf5.lib(H5Lexternal.obj)' or at ''; linking object as if no debug info
libhdf5.lib(H5Plcpl.obj) : warning LNK4099: PDB '' was not found with 'libhdf5.lib(H5Plcpl.obj)' or at ''; linking object as if no debug info
libhdf5.lib(H5Pmapl.obj) : warning LNK4099: PDB '' was not found with 'libhdf5.lib(H5Pmapl.obj)' or at ''; linking object as if no debug info
libhdf5.lib(H5Pocpypl.obj) : warning LNK4099: PDB '' was not found with 'libhdf5.lib(H5Pocpypl.obj)' or at ''; linking object as if no debug info
libhdf5.lib(H5Pocpl.obj) : warning LNK4099: PDB '' was not found with 'libhdf5.lib(H5Pocpl.obj)' or at ''; linking object as if no debug info
libhdf5.lib(H5Pstrcpl.obj) : warning LNK4099: PDB '' was not found with 'libhdf5.lib(H5Pstrcpl.obj)' or at ''; linking object as if no debug info
libhdf5.lib(H5Pgcpl.obj) : warning LNK4099: PDB '' was not found with 'libhdf5.lib(H5Pgcpl.obj)' or at ''; linking object as if no debug info
libhdf5.lib(H5Pfcpl.obj) : warning LNK4099: PDB '' was not found with 'libhdf5.lib(H5Pfcpl.obj)' or at ''; linking object as if no debug info
libhdf5.lib(H5Pmcpl.obj) : warning LNK4099: PDB '' was not found with 'libhdf5.lib(H5Pmcpl.obj)' or at ''; linking object as if no debug info
libhdf5.lib(H5Pfmpl.obj) : warning LNK4099: PDB '' was not found with 'libhdf5.lib(H5Pfmpl.obj)' or at ''; linking object as if no debug info
libhdf5.lib(H5Pacpl.obj) : warning LNK4099: PDB '' was not found with 'libhdf5.lib(H5Pacpl.obj)' or at ''; linking object as if no debug info
libhdf5.lib(H5PLplugin_cache.obj) : warning LNK4099: PDB '' was not found with 'libhdf5.lib(H5PLplugin_cache.obj)' or at ''; linking object as if no debug info
libhdf5.lib(H5PLpath.obj) : warning LNK4099: PDB '' was not found with 'libhdf5.lib(H5PLpath.obj)' or at ''; linking object as if no debug info
libhdf5.lib(H5Ffake.obj) : warning LNK4099: PDB '' was not found with 'libhdf5.lib(H5Ffake.obj)' or at ''; linking object as if no debug info
libhdf5.lib(H5Oshared.obj) : warning LNK4099: PDB '' was not found with 'libhdf5.lib(H5Oshared.obj)' or at ''; linking object as if no debug info
libhdf5.lib(H5checksum.obj) : warning LNK4099: PDB '' was not found with 'libhdf5.lib(H5checksum.obj)' or at ''; linking object as if no debug info
libhdf5.lib(H5Tfields.obj) : warning LNK4099: PDB '' was not found with 'libhdf5.lib(H5Tfields.obj)' or at ''; linking object as if no debug info
libhdf5.lib(H5Tcompound.obj) : warning LNK4099: PDB '' was not found with 'libhdf5.lib(H5Tcompound.obj)' or at ''; linking object as if no debug info
libhdf5.lib(H5Tinit_float.obj) : warning LNK4099: PDB '' was not found with 'libhdf5.lib(H5Tinit_float.obj)' or at ''; linking object as if no debug info
libhdf5.lib(H5Tnative.obj) : warning LNK4099: PDB '' was not found with 'libhdf5.lib(H5Tnative.obj)' or at ''; linking object as if no debug info
libhdf5.lib(H5Tvisit.obj) : warning LNK4099: PDB '' was not found with 'libhdf5.lib(H5Tvisit.obj)' or at ''; linking object as if no debug info
libhdf5.lib(H5Tbit.obj) : warning LNK4099: PDB '' was not found with 'libhdf5.lib(H5Tbit.obj)' or at ''; linking object as if no debug info
libhdf5.lib(H5Tvlen.obj) : warning LNK4099: PDB '' was not found with 'libhdf5.lib(H5Tvlen.obj)' or at ''; linking object as if no debug info
libhdf5.lib(H5Tarray.obj) : warning LNK4099: PDB '' was not found with 'libhdf5.lib(H5Tarray.obj)' or at ''; linking object as if no debug info
libhdf5.lib(H5Tref.obj) : warning LNK4099: PDB '' was not found with 'libhdf5.lib(H5Tref.obj)' or at ''; linking object as if no debug info
libhdf5.lib(H5Tdbg.obj) : warning LNK4099: PDB '' was not found with 'libhdf5.lib(H5Tdbg.obj)' or at ''; linking object as if no debug info
libhdf5.lib(H5Rint.obj) : warning LNK4099: PDB '' was not found with 'libhdf5.lib(H5Rint.obj)' or at ''; linking object as if no debug info
libhdf5.lib(H5VLnative.obj) : warning LNK4099: PDB '' was not found with 'libhdf5.lib(H5VLnative.obj)' or at ''; linking object as if no debug info
libhdf5.lib(H5VLdyn_ops.obj) : warning LNK4099: PDB '' was not found with 'libhdf5.lib(H5VLdyn_ops.obj)' or at ''; linking object as if no debug info
libhdf5.lib(H5VLpassthru.obj) : warning LNK4099: PDB '' was not found with 'libhdf5.lib(H5VLpassthru.obj)' or at ''; linking object as if no debug info
libhdf5.lib(H5Zshuffle.obj) : warning LNK4099: PDB '' was not found with 'libhdf5.lib(H5Zshuffle.obj)' or at ''; linking object as if no debug info
libhdf5.lib(H5Zfletcher32.obj) : warning LNK4099: PDB '' was not found with 'libhdf5.lib(H5Zfletcher32.obj)' or at ''; linking object as if no debug info
libhdf5.lib(H5Znbit.obj) : warning LNK4099: PDB '' was not found with 'libhdf5.lib(H5Znbit.obj)' or at ''; linking object as if no debug info
libhdf5.lib(H5Zscaleoffset.obj) : warning LNK4099: PDB '' was not found with 'libhdf5.lib(H5Zscaleoffset.obj)' or at ''; linking object as if no debug info
libhdf5.lib(H5Zdeflate.obj) : warning LNK4099: PDB '' was not found with 'libhdf5.lib(H5Zdeflate.obj)' or at ''; linking object as if no debug info
libhdf5.lib(H5Zszip.obj) : warning LNK4099: PDB '' was not found with 'libhdf5.lib(H5Zszip.obj)' or at ''; linking object as if no debug info
libhdf5.lib(H5FDperform.obj) : warning LNK4099: PDB '' was not found with 'libhdf5.lib(H5FDperform.obj)' or at ''; linking object as if no debug info
libhdf5.lib(H5Pencdec.obj) : warning LNK4099: PDB '' was not found with 'libhdf5.lib(H5Pencdec.obj)' or at ''; linking object as if no debug info
libhdf5.lib(H5FDcore.obj) : warning LNK4099: PDB '' was not found with 'libhdf5.lib(H5FDcore.obj)' or at ''; linking object as if no debug info
libhdf5.lib(H5FDlog.obj) : warning LNK4099: PDB '' was not found with 'libhdf5.lib(H5FDlog.obj)' or at ''; linking object as if no debug info
libhdf5.lib(H5FDfamily.obj) : warning LNK4099: PDB '' was not found with 'libhdf5.lib(H5FDfamily.obj)' or at ''; linking object as if no debug info
libhdf5.lib(H5FDmulti.obj) : warning LNK4099: PDB '' was not found with 'libhdf5.lib(H5FDmulti.obj)' or at ''; linking object as if no debug info
libhdf5.lib(H5FDstdio.obj) : warning LNK4099: PDB '' was not found with 'libhdf5.lib(H5FDstdio.obj)' or at ''; linking object as if no debug info
libhdf5.lib(H5FDsplitter.obj) : warning LNK4099: PDB '' was not found with 'libhdf5.lib(H5FDsplitter.obj)' or at ''; linking object as if no debug info
libhdf5.lib(H5Onull.obj) : warning LNK4099: PDB '' was not found with 'libhdf5.lib(H5Onull.obj)' or at ''; linking object as if no debug info
libhdf5.lib(H5Osdspace.obj) : warning LNK4099: PDB '' was not found with 'libhdf5.lib(H5Osdspace.obj)' or at ''; linking object as if no debug info
libhdf5.lib(H5Olinfo.obj) : warning LNK4099: PDB '' was not found with 'libhdf5.lib(H5Olinfo.obj)' or at ''; linking object as if no debug info
libhdf5.lib(H5Odtype.obj) : warning LNK4099: PDB '' was not found with 'libhdf5.lib(H5Odtype.obj)' or at ''; linking object as if no debug info
libhdf5.lib(H5Olink.obj) : warning LNK4099: PDB '' was not found with 'libhdf5.lib(H5Olink.obj)' or at ''; linking object as if no debug info
libhdf5.lib(H5Oefl.obj) : warning LNK4099: PDB '' was not found with 'libhdf5.lib(H5Oefl.obj)' or at ''; linking object as if no debug info
libhdf5.lib(H5Olayout.obj) : warning LNK4099: PDB '' was not found with 'libhdf5.lib(H5Olayout.obj)' or at ''; linking object as if no debug info
libhdf5.lib(H5Oginfo.obj) : warning LNK4099: PDB '' was not found with 'libhdf5.lib(H5Oginfo.obj)' or at ''; linking object as if no debug info
libhdf5.lib(H5Oname.obj) : warning LNK4099: PDB '' was not found with 'libhdf5.lib(H5Oname.obj)' or at ''; linking object as if no debug info
libhdf5.lib(H5Omtime.obj) : warning LNK4099: PDB '' was not found with 'libhdf5.lib(H5Omtime.obj)' or at ''; linking object as if no debug info
libhdf5.lib(H5Oshmesg.obj) : warning LNK4099: PDB '' was not found with 'libhdf5.lib(H5Oshmesg.obj)' or at ''; linking object as if no debug info
libhdf5.lib(H5Ocont.obj) : warning LNK4099: PDB '' was not found with 'libhdf5.lib(H5Ocont.obj)' or at ''; linking object as if no debug info
libhdf5.lib(H5Ostab.obj) : warning LNK4099: PDB '' was not found with 'libhdf5.lib(H5Ostab.obj)' or at ''; linking object as if no debug info
libhdf5.lib(H5Obtreek.obj) : warning LNK4099: PDB '' was not found with 'libhdf5.lib(H5Obtreek.obj)' or at ''; linking object as if no debug info
libhdf5.lib(H5Odrvinfo.obj) : warning LNK4099: PDB '' was not found with 'libhdf5.lib(H5Odrvinfo.obj)' or at ''; linking object as if no debug info
libhdf5.lib(H5Oainfo.obj) : warning LNK4099: PDB '' was not found with 'libhdf5.lib(H5Oainfo.obj)' or at ''; linking object as if no debug info
libhdf5.lib(H5Orefcount.obj) : warning LNK4099: PDB '' was not found with 'libhdf5.lib(H5Orefcount.obj)' or at ''; linking object as if no debug info
libhdf5.lib(H5Ofsinfo.obj) : warning LNK4099: PDB '' was not found with 'libhdf5.lib(H5Ofsinfo.obj)' or at ''; linking object as if no debug info
libhdf5.lib(H5Ocache_image.obj) : warning LNK4099: PDB '' was not found with 'libhdf5.lib(H5Ocache_image.obj)' or at ''; linking object as if no debug info
libhdf5.lib(H5Ounknown.obj) : warning LNK4099: PDB '' was not found with 'libhdf5.lib(H5Ounknown.obj)' or at ''; linking object as if no debug info
libhdf5.lib(H5Ochunk.obj) : warning LNK4099: PDB '' was not found with 'libhdf5.lib(H5Ochunk.obj)' or at ''; linking object as if no debug info
libhdf5.lib(H5Goh.obj) : warning LNK4099: PDB '' was not found with 'libhdf5.lib(H5Goh.obj)' or at ''; linking object as if no debug info
libhdf5.lib(H5Doh.obj) : warning LNK4099: PDB '' was not found with 'libhdf5.lib(H5Doh.obj)' or at ''; linking object as if no debug info
libhdf5.lib(H5Toh.obj) : warning LNK4099: PDB '' was not found with 'libhdf5.lib(H5Toh.obj)' or at ''; linking object as if no debug info
libhdf5.lib(H5Oalloc.obj) : warning LNK4099: PDB '' was not found with 'libhdf5.lib(H5Oalloc.obj)' or at ''; linking object as if no debug info
libhdf5.lib(H5B2test.obj) : warning LNK4099: PDB '' was not found with 'libhdf5.lib(H5B2test.obj)' or at ''; linking object as if no debug info
libhdf5.lib(H5HFbtree2.obj) : warning LNK4099: PDB '' was not found with 'libhdf5.lib(H5HFbtree2.obj)' or at ''; linking object as if no debug info
libhdf5.lib(H5Gbtree2.obj) : warning LNK4099: PDB '' was not found with 'libhdf5.lib(H5Gbtree2.obj)' or at ''; linking object as if no debug info
libhdf5.lib(H5SMbtree2.obj) : warning LNK4099: PDB '' was not found with 'libhdf5.lib(H5SMbtree2.obj)' or at ''; linking object as if no debug info
libhdf5.lib(H5Abtree2.obj) : warning LNK4099: PDB '' was not found with 'libhdf5.lib(H5Abtree2.obj)' or at ''; linking object as if no debug info
libhdf5.lib(H5Dbtree2.obj) : warning LNK4099: PDB '' was not found with 'libhdf5.lib(H5Dbtree2.obj)' or at ''; linking object as if no debug info
libhdf5.lib(H5B2hdr.obj) : warning LNK4099: PDB '' was not found with 'libhdf5.lib(H5B2hdr.obj)' or at ''; linking object as if no debug info
libhdf5.lib(H5B2leaf.obj) : warning LNK4099: PDB '' was not found with 'libhdf5.lib(H5B2leaf.obj)' or at ''; linking object as if no debug info
libhdf5.lib(H5B2internal.obj) : warning LNK4099: PDB '' was not found with 'libhdf5.lib(H5B2internal.obj)' or at ''; linking object as if no debug info
libhdf5.lib(H5B2int.obj) : warning LNK4099: PDB '' was not found with 'libhdf5.lib(H5B2int.obj)' or at ''; linking object as if no debug info
libhdf5.lib(H5HF.obj) : warning LNK4099: PDB '' was not found with 'libhdf5.lib(H5HF.obj)' or at ''; linking object as if no debug info
libhdf5.lib(H5WB.obj) : warning LNK4099: PDB '' was not found with 'libhdf5.lib(H5WB.obj)' or at ''; linking object as if no debug info
libhdf5.lib(H5B2stat.obj) : warning LNK4099: PDB '' was not found with 'libhdf5.lib(H5B2stat.obj)' or at ''; linking object as if no debug info
libhdf5.lib(H5HFstat.obj) : warning LNK4099: PDB '' was not found with 'libhdf5.lib(H5HFstat.obj)' or at ''; linking object as if no debug info
libhdf5.lib(H5SMmessage.obj) : warning LNK4099: PDB '' was not found with 'libhdf5.lib(H5SMmessage.obj)' or at ''; linking object as if no debug info
libhdf5.lib(H5Sdbg.obj) : warning LNK4099: PDB '' was not found with 'libhdf5.lib(H5Sdbg.obj)' or at ''; linking object as if no debug info
libhdf5.lib(H5B.obj) : warning LNK4099: PDB '' was not found with 'libhdf5.lib(H5B.obj)' or at ''; linking object as if no debug info
libhdf5.lib(H5Gent.obj) : warning LNK4099: PDB '' was not found with 'libhdf5.lib(H5Gent.obj)' or at ''; linking object as if no debug info
libhdf5.lib(H5HL.obj) : warning LNK4099: PDB '' was not found with 'libhdf5.lib(H5HL.obj)' or at ''; linking object as if no debug info
libhdf5.lib(H5HLint.obj) : warning LNK4099: PDB '' was not found with 'libhdf5.lib(H5HLint.obj)' or at ''; linking object as if no debug info
libhdf5.lib(H5HLprfx.obj) : warning LNK4099: PDB '' was not found with 'libhdf5.lib(H5HLprfx.obj)' or at ''; linking object as if no debug info
libhdf5.lib(H5HLdblk.obj) : warning LNK4099: PDB '' was not found with 'libhdf5.lib(H5HLdblk.obj)' or at ''; linking object as if no debug info
libhdf5.lib(H5HG.obj) : warning LNK4099: PDB '' was not found with 'libhdf5.lib(H5HG.obj)' or at ''; linking object as if no debug info
libhdf5.lib(H5Fcwfs.obj) : warning LNK4099: PDB '' was not found with 'libhdf5.lib(H5Fcwfs.obj)' or at ''; linking object as if no debug info
libhdf5.lib(H5HFiblock.obj) : warning LNK4099: PDB '' was not found with 'libhdf5.lib(H5HFiblock.obj)' or at ''; linking object as if no debug info
libhdf5.lib(H5HFdblock.obj) : warning LNK4099: PDB '' was not found with 'libhdf5.lib(H5HFdblock.obj)' or at ''; linking object as if no debug info
libhdf5.lib(H5HFhdr.obj) : warning LNK4099: PDB '' was not found with 'libhdf5.lib(H5HFhdr.obj)' or at ''; linking object as if no debug info
libhdf5.lib(H5FSsection.obj) : warning LNK4099: PDB '' was not found with 'libhdf5.lib(H5FSsection.obj)' or at ''; linking object as if no debug info
libhdf5.lib(H5FSint.obj) : warning LNK4099: PDB '' was not found with 'libhdf5.lib(H5FSint.obj)' or at ''; linking object as if no debug info
libhdf5.lib(H5FS.obj) : warning LNK4099: PDB '' was not found with 'libhdf5.lib(H5FS.obj)' or at ''; linking object as if no debug info
libhdf5.lib(H5EA.obj) : warning LNK4099: PDB '' was not found with 'libhdf5.lib(H5EA.obj)' or at ''; linking object as if no debug info
libhdf5.lib(H5EAint.obj) : warning LNK4099: PDB '' was not found with 'libhdf5.lib(H5EAint.obj)' or at ''; linking object as if no debug info
libhdf5.lib(H5EAhdr.obj) : warning LNK4099: PDB '' was not found with 'libhdf5.lib(H5EAhdr.obj)' or at ''; linking object as if no debug info
libhdf5.lib(H5EAiblock.obj) : warning LNK4099: PDB '' was not found with 'libhdf5.lib(H5EAiblock.obj)' or at ''; linking object as if no debug info
libhdf5.lib(H5EAsblock.obj) : warning LNK4099: PDB '' was not found with 'libhdf5.lib(H5EAsblock.obj)' or at ''; linking object as if no debug info
libhdf5.lib(H5EAdblock.obj) : warning LNK4099: PDB '' was not found with 'libhdf5.lib(H5EAdblock.obj)' or at ''; linking object as if no debug info
libhdf5.lib(H5EAdblkpage.obj) : warning LNK4099: PDB '' was not found with 'libhdf5.lib(H5EAdblkpage.obj)' or at ''; linking object as if no debug info
libhdf5.lib(H5FA.obj) : warning LNK4099: PDB '' was not found with 'libhdf5.lib(H5FA.obj)' or at ''; linking object as if no debug info
libhdf5.lib(H5FAint.obj) : warning LNK4099: PDB '' was not found with 'libhdf5.lib(H5FAint.obj)' or at ''; linking object as if no debug info
libhdf5.lib(H5FAhdr.obj) : warning LNK4099: PDB '' was not found with 'libhdf5.lib(H5FAhdr.obj)' or at ''; linking object as if no debug info
libhdf5.lib(H5FAdblock.obj) : warning LNK4099: PDB '' was not found with 'libhdf5.lib(H5FAdblock.obj)' or at ''; linking object as if no debug info
libhdf5.lib(H5FAdblkpage.obj) : warning LNK4099: PDB '' was not found with 'libhdf5.lib(H5FAdblkpage.obj)' or at ''; linking object as if no debug info
libhdf5.lib(H5Cint.obj) : warning LNK4099: PDB '' was not found with 'libhdf5.lib(H5Cint.obj)' or at ''; linking object as if no debug info
libhdf5.lib(H5Clog_json.obj) : warning LNK4099: PDB '' was not found with 'libhdf5.lib(H5Clog_json.obj)' or at ''; linking object as if no debug info
libhdf5.lib(H5Clog_trace.obj) : warning LNK4099: PDB '' was not found with 'libhdf5.lib(H5Clog_trace.obj)' or at ''; linking object as if no debug info
libhdf5.lib(H5Shyper.obj) : warning LNK4099: PDB '' was not found with 'libhdf5.lib(H5Shyper.obj)' or at ''; linking object as if no debug info
libhdf5.lib(H5Ztrans.obj) : warning LNK4099: PDB '' was not found with 'libhdf5.lib(H5Ztrans.obj)' or at ''; linking object as if no debug info
libhdf5.lib(H5Snone.obj) : warning LNK4099: PDB '' was not found with 'libhdf5.lib(H5Snone.obj)' or at ''; linking object as if no debug info
libhdf5.lib(H5VM.obj) : warning LNK4099: PDB '' was not found with 'libhdf5.lib(H5VM.obj)' or at ''; linking object as if no debug info
libhdf5.lib(H5Dselect.obj) : warning LNK4099: PDB '' was not found with 'libhdf5.lib(H5Dselect.obj)' or at ''; linking object as if no debug info
libhdf5.lib(H5Dscatgath.obj) : warning LNK4099: PDB '' was not found with 'libhdf5.lib(H5Dscatgath.obj)' or at ''; linking object as if no debug info
libhdf5.lib(H5Dfill.obj) : warning LNK4099: PDB '' was not found with 'libhdf5.lib(H5Dfill.obj)' or at ''; linking object as if no debug info
libhdf5.lib(H5Defl.obj) : warning LNK4099: PDB '' was not found with 'libhdf5.lib(H5Defl.obj)' or at ''; linking object as if no debug info
libhdf5.lib(H5Dnone.obj) : warning LNK4099: PDB '' was not found with 'libhdf5.lib(H5Dnone.obj)' or at ''; linking object as if no debug info
libhdf5.lib(H5Dsingle.obj) : warning LNK4099: PDB '' was not found with 'libhdf5.lib(H5Dsingle.obj)' or at ''; linking object as if no debug info
libhdf5.lib(H5Dearray.obj) : warning LNK4099: PDB '' was not found with 'libhdf5.lib(H5Dearray.obj)' or at ''; linking object as if no debug info
libhdf5.lib(H5Dfarray.obj) : warning LNK4099: PDB '' was not found with 'libhdf5.lib(H5Dfarray.obj)' or at ''; linking object as if no debug info
libhdf5.lib(H5UC.obj) : warning LNK4099: PDB '' was not found with 'libhdf5.lib(H5UC.obj)' or at ''; linking object as if no debug info
libhdf5.lib(H5Bdbg.obj) : warning LNK4099: PDB '' was not found with 'libhdf5.lib(H5Bdbg.obj)' or at ''; linking object as if no debug info
libhdf5.lib(H5Gstab.obj) : warning LNK4099: PDB '' was not found with 'libhdf5.lib(H5Gstab.obj)' or at ''; linking object as if no debug info
libhdf5.lib(H5FSstat.obj) : warning LNK4099: PDB '' was not found with 'libhdf5.lib(H5FSstat.obj)' or at ''; linking object as if no debug info
libhdf5.lib(H5Fspace.obj) : warning LNK4099: PDB '' was not found with 'libhdf5.lib(H5Fspace.obj)' or at ''; linking object as if no debug info
libhdf5.lib(H5MFsection.obj) : warning LNK4099: PDB '' was not found with 'libhdf5.lib(H5MFsection.obj)' or at ''; linking object as if no debug info
libhdf5.lib(H5Gcompact.obj) : warning LNK4099: PDB '' was not found with 'libhdf5.lib(H5Gcompact.obj)' or at ''; linking object as if no debug info
libhdf5.lib(H5Gdense.obj) : warning LNK4099: PDB '' was not found with 'libhdf5.lib(H5Gdense.obj)' or at ''; linking object as if no debug info
libhdf5.lib(H5Tprecis.obj) : warning LNK4099: PDB '' was not found with 'libhdf5.lib(H5Tprecis.obj)' or at ''; linking object as if no debug info
libhdf5.lib(H5Tfixed.obj) : warning LNK4099: PDB '' was not found with 'libhdf5.lib(H5Tfixed.obj)' or at ''; linking object as if no debug info
libhdf5.lib(H5Tenum.obj) : warning LNK4099: PDB '' was not found with 'libhdf5.lib(H5Tenum.obj)' or at ''; linking object as if no debug info
libhdf5.lib(H5VLnative_attr.obj) : warning LNK4099: PDB '' was not found with 'libhdf5.lib(H5VLnative_attr.obj)' or at ''; linking object as if no debug info
libhdf5.lib(H5VLnative_dataset.obj) : warning LNK4099: PDB '' was not found with 'libhdf5.lib(H5VLnative_dataset.obj)' or at ''; linking object as if no debug info
libhdf5.lib(H5VLnative_datatype.obj) : warning LNK4099: PDB '' was not found with 'libhdf5.lib(H5VLnative_datatype.obj)' or at ''; linking object as if no debug info
libhdf5.lib(H5VLnative_file.obj) : warning LNK4099: PDB '' was not found with 'libhdf5.lib(H5VLnative_file.obj)' or at ''; linking object as if no debug info
libhdf5.lib(H5VLnative_group.obj) : warning LNK4099: PDB '' was not found with 'libhdf5.lib(H5VLnative_group.obj)' or at ''; linking object as if no debug info
libhdf5.lib(H5VLnative_link.obj) : warning LNK4099: PDB '' was not found with 'libhdf5.lib(H5VLnative_link.obj)' or at ''; linking object as if no debug info
libhdf5.lib(H5VLnative_object.obj) : warning LNK4099: PDB '' was not found with 'libhdf5.lib(H5VLnative_object.obj)' or at ''; linking object as if no debug info
libhdf5.lib(H5VLnative_introspect.obj) : warning LNK4099: PDB '' was not found with 'libhdf5.lib(H5VLnative_introspect.obj)' or at ''; linking object as if no debug info
libhdf5.lib(H5VLnative_blob.obj) : warning LNK4099: PDB '' was not found with 'libhdf5.lib(H5VLnative_blob.obj)' or at ''; linking object as if no debug info
libhdf5.lib(H5VLnative_token.obj) : warning LNK4099: PDB '' was not found with 'libhdf5.lib(H5VLnative_token.obj)' or at ''; linking object as if no debug info
libhdf5.lib(H5I.obj) : warning LNK4099: PDB '' was not found with 'libhdf5.lib(H5I.obj)' or at ''; linking object as if no debug info
libhdf5.lib(H5VL.obj) : warning LNK4099: PDB '' was not found with 'libhdf5.lib(H5VL.obj)' or at ''; linking object as if no debug info
libhdf5.lib(H5P.obj) : warning LNK4099: PDB '' was not found with 'libhdf5.lib(H5P.obj)' or at ''; linking object as if no debug info
libhdf5.lib(H5Torder.obj) : warning LNK4099: PDB '' was not found with 'libhdf5.lib(H5Torder.obj)' or at ''; linking object as if no debug info
libhdf5.lib(H5Toffset.obj) : warning LNK4099: PDB '' was not found with 'libhdf5.lib(H5Toffset.obj)' or at ''; linking object as if no debug info
libhdf5.lib(H5HFman.obj) : warning LNK4099: PDB '' was not found with 'libhdf5.lib(H5HFman.obj)' or at ''; linking object as if no debug info
libhdf5.lib(H5HFhuge.obj) : warning LNK4099: PDB '' was not found with 'libhdf5.lib(H5HFhuge.obj)' or at ''; linking object as if no debug info
libhdf5.lib(H5HFtiny.obj) : warning LNK4099: PDB '' was not found with 'libhdf5.lib(H5HFtiny.obj)' or at ''; linking object as if no debug info
libhdf5.lib(H5HFiter.obj) : warning LNK4099: PDB '' was not found with 'libhdf5.lib(H5HFiter.obj)' or at ''; linking object as if no debug info
libhdf5.lib(H5HFspace.obj) : warning LNK4099: PDB '' was not found with 'libhdf5.lib(H5HFspace.obj)' or at ''; linking object as if no debug info
libhdf5.lib(H5Odbg.obj) : warning LNK4099: PDB '' was not found with 'libhdf5.lib(H5Odbg.obj)' or at ''; linking object as if no debug info
libhdf5.lib(H5HGquery.obj) : warning LNK4099: PDB '' was not found with 'libhdf5.lib(H5HGquery.obj)' or at ''; linking object as if no debug info
libhdf5.lib(H5HFdtable.obj) : warning LNK4099: PDB '' was not found with 'libhdf5.lib(H5HFdtable.obj)' or at ''; linking object as if no debug info
libhdf5.lib(H5HFsection.obj) : warning LNK4099: PDB '' was not found with 'libhdf5.lib(H5HFsection.obj)' or at ''; linking object as if no debug info
libhdf5.lib(H5EAtest.obj) : warning LNK4099: PDB '' was not found with 'libhdf5.lib(H5EAtest.obj)' or at ''; linking object as if no debug info
libhdf5.lib(H5FAtest.obj) : warning LNK4099: PDB '' was not found with 'libhdf5.lib(H5FAtest.obj)' or at ''; linking object as if no debug info
libhdf5.lib(H5EAstat.obj) : warning LNK4099: PDB '' was not found with 'libhdf5.lib(H5EAstat.obj)' or at ''; linking object as if no debug info
libhdf5.lib(H5FAstat.obj) : warning LNK4099: PDB '' was not found with 'libhdf5.lib(H5FAstat.obj)' or at ''; linking object as if no debug info
libhdf5.lib(H5Gdeprec.obj) : warning LNK4099: PDB '' was not found with 'libhdf5.lib(H5Gdeprec.obj)' or at ''; linking object as if no debug info
libhdf5.lib(H5O.obj) : warning LNK4099: PDB '' was not found with 'libhdf5.lib(H5O.obj)' or at ''; linking object as if no debug info
libhdf5_cpp.lib(H5CompType.obj) : warning LNK4099: PDB '' was not found with 'libhdf5_cpp.lib(H5CompType.obj)' or at ''; linking object as if no debug info
libhdf5_cpp.lib(H5DataSpace.obj) : warning LNK4099: PDB '' was not found with 'libhdf5_cpp.lib(H5DataSpace.obj)' or at ''; linking object as if no debug info
libhdf5_cpp.lib(H5LcreatProp.obj) : warning LNK4099: PDB '' was not found with 'libhdf5_cpp.lib(H5LcreatProp.obj)' or at ''; linking object as if no debug info
libhdf5_cpp.lib(H5FaccProp.obj) : warning LNK4099: PDB '' was not found with 'libhdf5_cpp.lib(H5FaccProp.obj)' or at ''; linking object as if no debug info
libhdf5_cpp.lib(H5PredType.obj) : warning LNK4099: PDB '' was not found with 'libhdf5_cpp.lib(H5PredType.obj)' or at ''; linking object as if no debug info
libhdf5_cpp.lib(H5File.obj) : warning LNK4099: PDB '' was not found with 'libhdf5_cpp.lib(H5File.obj)' or at ''; linking object as if no debug info
libhdf5_cpp.lib(H5DaccProp.obj) : warning LNK4099: PDB '' was not found with 'libhdf5_cpp.lib(H5DaccProp.obj)' or at ''; linking object as if no debug info
libhdf5_cpp.lib(H5DcreatProp.obj) : warning LNK4099: PDB '' was not found with 'libhdf5_cpp.lib(H5DcreatProp.obj)' or at ''; linking object as if no debug info
libhdf5_cpp.lib(H5DxferProp.obj) : warning LNK4099: PDB '' was not found with 'libhdf5_cpp.lib(H5DxferProp.obj)' or at ''; linking object as if no debug info
libhdf5_cpp.lib(H5DataSet.obj) : warning LNK4099: PDB '' was not found with 'libhdf5_cpp.lib(H5DataSet.obj)' or at ''; linking object as if no debug info
libhdf5_cpp.lib(H5FcreatProp.obj) : warning LNK4099: PDB '' was not found with 'libhdf5_cpp.lib(H5FcreatProp.obj)' or at ''; linking object as if no debug info
libhdf5_cpp.lib(H5Location.obj) : warning LNK4099: PDB '' was not found with 'libhdf5_cpp.lib(H5Location.obj)' or at ''; linking object as if no debug info
libhdf5_cpp.lib(H5Group.obj) : warning LNK4099: PDB '' was not found with 'libhdf5_cpp.lib(H5Group.obj)' or at ''; linking object as if no debug info
libhdf5_cpp.lib(H5DataType.obj) : warning LNK4099: PDB '' was not found with 'libhdf5_cpp.lib(H5DataType.obj)' or at ''; linking object as if no debug info
libhdf5_cpp.lib(H5StrType.obj) : warning LNK4099: PDB '' was not found with 'libhdf5_cpp.lib(H5StrType.obj)' or at ''; linking object as if no debug info
libhdf5_cpp.lib(H5AbstractDs.obj) : warning LNK4099: PDB '' was not found with 'libhdf5_cpp.lib(H5AbstractDs.obj)' or at ''; linking object as if no debug info
libhdf5_cpp.lib(H5PropList.obj) : warning LNK4099: PDB '' was not found with 'libhdf5_cpp.lib(H5PropList.obj)' or at ''; linking object as if no debug info
libhdf5_cpp.lib(H5Exception.obj) : warning LNK4099: PDB '' was not found with 'libhdf5_cpp.lib(H5Exception.obj)' or at ''; linking object as if no debug info
libhdf5_cpp.lib(H5Object.obj) : warning LNK4099: PDB '' was not found with 'libhdf5_cpp.lib(H5Object.obj)' or at ''; linking object as if no debug info
libhdf5_cpp.lib(H5Attribute.obj) : warning LNK4099: PDB '' was not found with 'libhdf5_cpp.lib(H5Attribute.obj)' or at ''; linking object as if no debug info
libhdf5_cpp.lib(H5CommonFG.obj) : warning LNK4099: PDB '' was not found with 'libhdf5_cpp.lib(H5CommonFG.obj)' or at ''; linking object as if no debug info
libhdf5_cpp.lib(H5EnumType.obj) : warning LNK4099: PDB '' was not found with 'libhdf5_cpp.lib(H5EnumType.obj)' or at ''; linking object as if no debug info
libhdf5_cpp.lib(H5IntType.obj) : warning LNK4099: PDB '' was not found with 'libhdf5_cpp.lib(H5IntType.obj)' or at ''; linking object as if no debug info
libhdf5_cpp.lib(H5FloatType.obj) : warning LNK4099: PDB '' was not found with 'libhdf5_cpp.lib(H5FloatType.obj)' or at ''; linking object as if no debug info
libhdf5_cpp.lib(H5ArrayType.obj) : warning LNK4099: PDB '' was not found with 'libhdf5_cpp.lib(H5ArrayType.obj)' or at ''; linking object as if no debug info
libhdf5_cpp.lib(H5VarLenType.obj) : warning LNK4099: PDB '' was not found with 'libhdf5_cpp.lib(H5VarLenType.obj)' or at ''; linking object as if no debug info
libhdf5_cpp.lib(H5IdComponent.obj) : warning LNK4099: PDB '' was not found with 'libhdf5_cpp.lib(H5IdComponent.obj)' or at ''; linking object as if no debug info
libhdf5_cpp.lib(H5AtomType.obj) : warning LNK4099: PDB '' was not found with 'libhdf5_cpp.lib(H5AtomType.obj)' or at ''; linking object as if no debug info
libhdf5_cpp.lib(H5LaccProp.obj) : warning LNK4099: PDB '' was not found with 'libhdf5_cpp.lib(H5LaccProp.obj)' or at ''; linking object as if no debug info
libhdf5_cpp.lib(H5OcreatProp.obj) : warning LNK4099: PDB '' was not found with 'libhdf5_cpp.lib(H5OcreatProp.obj)' or at ''; linking object as if no debug info
libhdf5_cpp.lib(H5Library.obj) : warning LNK4099: PDB '' was not found with 'libhdf5_cpp.lib(H5Library.obj)' or at ''; linking object as if no debug info
libzlib.lib(inflate.obj) : warning LNK4099: PDB '' was not found with 'libzlib.lib(inflate.obj)' or at ''; linking object as if no debug info
libzlib.lib(compress.obj) : warning LNK4099: PDB '' was not found with 'libzlib.lib(compress.obj)' or at ''; linking object as if no debug info
libzlib.lib(adler32.obj) : warning LNK4099: PDB '' was not found with 'libzlib.lib(adler32.obj)' or at ''; linking object as if no debug info
libzlib.lib(crc32.obj) : warning LNK4099: PDB '' was not found with 'libzlib.lib(crc32.obj)' or at ''; linking object as if no debug info
libzlib.lib(zutil.obj) : warning LNK4099: PDB '' was not found with 'libzlib.lib(zutil.obj)' or at ''; linking object as if no debug info
libzlib.lib(inftrees.obj) : warning LNK4099: PDB '' was not found with 'libzlib.lib(inftrees.obj)' or at ''; linking object as if no debug info
libzlib.lib(inffast.obj) : warning LNK4099: PDB '' was not found with 'libzlib.lib(inffast.obj)' or at ''; linking object as if no debug info
libzlib.lib(deflate.obj) : warning LNK4099: PDB '' was not found with 'libzlib.lib(deflate.obj)' or at ''; linking object as if no debug info
libzlib.lib(trees.obj) : warning LNK4099: PDB '' was not found with 'libzlib.lib(trees.obj)' or at ''; linking object as if no debug info
libszaec.lib(sz_compat.obj) : warning LNK4099: PDB '' was not found with 'libszaec.lib(sz_compat.obj)' or at ''; linking object as if no debug info
TDxNavLib.lib(navlib_stub.obj) : warning LNK4099: PDB '' was not found with 'TDxNavLib.lib(navlib_stub.obj)' or at ''; linking object as if no debug info
TDxNavLib.lib(navlib_load.obj) : warning LNK4099: PDB '' was not found with 'TDxNavLib.lib(navlib_load.obj)' or at ''; linking object as if no debug info
libhdf5.lib(H5D.obj) : warning LNK4099: PDB '' was not found with 'libhdf5.lib(H5D.obj)' or at ''; linking object as if no debug info
libhdf5.lib(H5F.obj) : warning LNK4099: PDB '' was not found with 'libhdf5.lib(H5F.obj)' or at ''; linking object as if no debug info
libhdf5.lib(H5Pdeprec.obj) : warning LNK4099: PDB '' was not found with 'libhdf5.lib(H5Pdeprec.obj)' or at ''; linking object as if no debug info
libhdf5.lib(H5L.obj) : warning LNK4099: PDB '' was not found with 'libhdf5.lib(H5L.obj)' or at ''; linking object as if no debug info
libhdf5.lib(H5G.obj) : warning LNK4099: PDB '' was not found with 'libhdf5.lib(H5G.obj)' or at ''; linking object as if no debug info
libhdf5.lib(H5Rdeprec.obj) : warning LNK4099: PDB '' was not found with 'libhdf5.lib(H5Rdeprec.obj)' or at ''; linking object as if no debug info
libhdf5.lib(H5Topaque.obj) : warning LNK4099: PDB '' was not found with 'libhdf5.lib(H5Topaque.obj)' or at ''; linking object as if no debug info
libhdf5.lib(H5Tstrpad.obj) : warning LNK4099: PDB '' was not found with 'libhdf5.lib(H5Tstrpad.obj)' or at ''; linking object as if no debug info
libhdf5.lib(H5Tcset.obj) : warning LNK4099: PDB '' was not found with 'libhdf5.lib(H5Tcset.obj)' or at ''; linking object as if no debug info
libhdf5.lib(H5A.obj) : warning LNK4099: PDB '' was not found with 'libhdf5.lib(H5A.obj)' or at ''; linking object as if no debug info
libhdf5.lib(H5Tfloat.obj) : warning LNK4099: PDB '' was not found with 'libhdf5.lib(H5Tfloat.obj)' or at ''; linking object as if no debug info
libhdf5.lib(H5Tpad.obj) : warning LNK4099: PDB '' was not found with 'libhdf5.lib(H5Tpad.obj)' or at ''; linking object as if no debug info
libaec.lib(encode.obj) : warning LNK4099: PDB '' was not found with 'libaec.lib(encode.obj)' or at ''; linking object as if no debug info
libaec.lib(decode.obj) : warning LNK4099: PDB '' was not found with 'libaec.lib(decode.obj)' or at ''; linking object as if no debug info
libaec.lib(encode_accessors.obj) : warning LNK4099: PDB '' was not found with 'libaec.lib(encode_accessors.obj)' or at ''; linking object as if no debug info
  StereoVista.vcxproj -> C:\Users\Benbrem\Downloads\Arbeit\Stereo-Demo-main\Stereo-Viewer-Project\bin\x64\Release\StereoVista.exe
          1 Datei(en) kopiert.
