c:\users\sdig\desktop\opengl-quickstart-template-main\opengltemplate\x64\debug\vc143.pdb
c:\users\sdig\desktop\opengl-quickstart-template-main\opengltemplate\x64\debug\vc143.idb
c:\users\sdig\desktop\opengl-quickstart-template-main\opengltemplate\x64\debug\glad.obj
c:\users\sdig\desktop\opengl-quickstart-template-main\opengltemplate\x64\debug\window.obj
c:\users\sdig\desktop\opengl-quickstart-template-main\opengltemplate\x64\debug\shader.obj
c:\users\sdig\desktop\opengl-quickstart-template-main\opengltemplate\x64\debug\input.obj
c:\users\sdig\desktop\opengl-quickstart-template-main\opengltemplate\x64\debug\buffers.obj
c:\users\sdig\desktop\opengl-quickstart-template-main\opengltemplate\x64\debug\obj_loader.obj
c:\users\sdig\desktop\opengl-quickstart-template-main\opengltemplate\x64\debug\main.obj
c:\users\sdig\desktop\opengl-quickstart-template-main\opengltemplate\x64\debug\opengltemplate.ilk
c:\users\sdig\desktop\opengl-quickstart-template-main\x64\debug\opengltemplate.pdb
c:\users\sdig\desktop\opengl-quickstart-template-main\opengltemplate\x64\debug\opengltemplate.tlog\cl.command.1.tlog
c:\users\sdig\desktop\opengl-quickstart-template-main\opengltemplate\x64\debug\opengltemplate.tlog\cl.items.tlog
c:\users\sdig\desktop\opengl-quickstart-template-main\opengltemplate\x64\debug\opengltemplate.tlog\cl.read.1.tlog
c:\users\sdig\desktop\opengl-quickstart-template-main\opengltemplate\x64\debug\opengltemplate.tlog\cl.write.1.tlog
c:\users\sdig\desktop\opengl-quickstart-template-main\opengltemplate\x64\debug\opengltemplate.tlog\link-cvtres.read.1.tlog
c:\users\sdig\desktop\opengl-quickstart-template-main\opengltemplate\x64\debug\opengltemplate.tlog\link-cvtres.write.1.tlog
c:\users\sdig\desktop\opengl-quickstart-template-main\opengltemplate\x64\debug\opengltemplate.tlog\link-rc.read.1.tlog
c:\users\sdig\desktop\opengl-quickstart-template-main\opengltemplate\x64\debug\opengltemplate.tlog\link-rc.write.1.tlog
c:\users\sdig\desktop\opengl-quickstart-template-main\opengltemplate\x64\debug\opengltemplate.tlog\link.17932-cvtres.read.1.tlog
c:\users\sdig\desktop\opengl-quickstart-template-main\opengltemplate\x64\debug\opengltemplate.tlog\link.17932-cvtres.write.1.tlog
c:\users\sdig\desktop\opengl-quickstart-template-main\opengltemplate\x64\debug\opengltemplate.tlog\link.17932-rc.read.1.tlog
c:\users\sdig\desktop\opengl-quickstart-template-main\opengltemplate\x64\debug\opengltemplate.tlog\link.17932-rc.write.1.tlog
c:\users\sdig\desktop\opengl-quickstart-template-main\opengltemplate\x64\debug\opengltemplate.tlog\link.17932.read.1.tlog
c:\users\sdig\desktop\opengl-quickstart-template-main\opengltemplate\x64\debug\opengltemplate.tlog\link.17932.read.2.tlog
c:\users\sdig\desktop\opengl-quickstart-template-main\opengltemplate\x64\debug\opengltemplate.tlog\link.17932.read.3.tlog
c:\users\sdig\desktop\opengl-quickstart-template-main\opengltemplate\x64\debug\opengltemplate.tlog\link.17932.read.4.tlog
c:\users\sdig\desktop\opengl-quickstart-template-main\opengltemplate\x64\debug\opengltemplate.tlog\link.17932.read.5.tlog
c:\users\sdig\desktop\opengl-quickstart-template-main\opengltemplate\x64\debug\opengltemplate.tlog\link.17932.read.6.tlog
c:\users\sdig\desktop\opengl-quickstart-template-main\opengltemplate\x64\debug\opengltemplate.tlog\link.17932.write.1.tlog
c:\users\sdig\desktop\opengl-quickstart-template-main\opengltemplate\x64\debug\opengltemplate.tlog\link.command.1.tlog
c:\users\sdig\desktop\opengl-quickstart-template-main\opengltemplate\x64\debug\opengltemplate.tlog\link.read.1.tlog
c:\users\sdig\desktop\opengl-quickstart-template-main\opengltemplate\x64\debug\opengltemplate.tlog\link.read.2.tlog
c:\users\sdig\desktop\opengl-quickstart-template-main\opengltemplate\x64\debug\opengltemplate.tlog\link.read.3.tlog
c:\users\sdig\desktop\opengl-quickstart-template-main\opengltemplate\x64\debug\opengltemplate.tlog\link.read.4.tlog
c:\users\sdig\desktop\opengl-quickstart-template-main\opengltemplate\x64\debug\opengltemplate.tlog\link.read.5.tlog
c:\users\sdig\desktop\opengl-quickstart-template-main\opengltemplate\x64\debug\opengltemplate.tlog\link.read.6.tlog
c:\users\sdig\desktop\opengl-quickstart-template-main\opengltemplate\x64\debug\opengltemplate.tlog\link.secondary.1.tlog
c:\users\sdig\desktop\opengl-quickstart-template-main\opengltemplate\x64\debug\opengltemplate.tlog\link.write.1.tlog
