C:\Program Files\Microsoft Visual Studio\2022\Community\MSBuild\Microsoft\VC\v170\Microsoft.CppBuild.targets(531,5): warning MSB8028: Das Zwischenverzeichnis (x64\Debug\) enthält freigegebene Dateien aus einem anderen Projekt (OpenGLTemplate.vcxproj). Dies kann zu einem falschen Bereinigungs- und Neuerstellungsverhalten führen.
  glad.c
  buffers.cpp
C:\Users\benta\Downloads\Stereo Demo\OpenGLTemplate\src\Camera.h(135,36): warning C4244: "=": Konvertierung von "double" in "float", möglicher Datenverlust
  (Quelldatei „src/engine/buffers.cpp“ wird kompiliert)
  
C:\Users\benta\Downloads\Stereo Demo\OpenGLTemplate\src\Camera.h(136,36): warning C4244: "=": Konvertierung von "double" in "float", möglicher Datenverlust
  (Quelldatei „src/engine/buffers.cpp“ wird kompiliert)
  
C:\Users\benta\Downloads\Stereo Demo\OpenGLTemplate\src\Camera.h(378,18): warning C4244: "return": Konvertierung von "double" in "float", möglicher Datenverlust
  (Quelldatei „src/engine/buffers.cpp“ wird kompiliert)
  
  input.cpp
C:\Users\benta\Downloads\Stereo Demo\OpenGLTemplate\src\Camera.h(135,36): warning C4244: "=": Konvertierung von "double" in "float", möglicher Datenverlust
  (Quelldatei „src/engine/input.cpp“ wird kompiliert)
  
C:\Users\benta\Downloads\Stereo Demo\OpenGLTemplate\src\Camera.h(136,36): warning C4244: "=": Konvertierung von "double" in "float", möglicher Datenverlust
  (Quelldatei „src/engine/input.cpp“ wird kompiliert)
  
C:\Users\benta\Downloads\Stereo Demo\OpenGLTemplate\src\Camera.h(378,18): warning C4244: "return": Konvertierung von "double" in "float", möglicher Datenverlust
  (Quelldatei „src/engine/input.cpp“ wird kompiliert)
  
  shader.cpp
C:\Users\benta\Downloads\Stereo Demo\OpenGLTemplate\src\Camera.h(135,36): warning C4244: "=": Konvertierung von "double" in "float", möglicher Datenverlust
  (Quelldatei „src/engine/shader.cpp“ wird kompiliert)
  
C:\Users\benta\Downloads\Stereo Demo\OpenGLTemplate\src\Camera.h(136,36): warning C4244: "=": Konvertierung von "double" in "float", möglicher Datenverlust
  (Quelldatei „src/engine/shader.cpp“ wird kompiliert)
  
C:\Users\benta\Downloads\Stereo Demo\OpenGLTemplate\src\Camera.h(378,18): warning C4244: "return": Konvertierung von "double" in "float", möglicher Datenverlust
  (Quelldatei „src/engine/shader.cpp“ wird kompiliert)
  
  window.cpp
C:\Users\benta\Downloads\Stereo Demo\OpenGLTemplate\src\Camera.h(135,36): warning C4244: "=": Konvertierung von "double" in "float", möglicher Datenverlust
  (Quelldatei „src/engine/window.cpp“ wird kompiliert)
  
C:\Users\benta\Downloads\Stereo Demo\OpenGLTemplate\src\Camera.h(136,36): warning C4244: "=": Konvertierung von "double" in "float", möglicher Datenverlust
  (Quelldatei „src/engine/window.cpp“ wird kompiliert)
  
C:\Users\benta\Downloads\Stereo Demo\OpenGLTemplate\src\Camera.h(378,18): warning C4244: "return": Konvertierung von "double" in "float", möglicher Datenverlust
  (Quelldatei „src/engine/window.cpp“ wird kompiliert)
  
  imgui_impl_glfw.cpp
  imgui_impl_opengl3.cpp
  imgui.cpp
  imgui_draw.cpp
  imgui_tables.cpp
  imgui_widgets.cpp
  main.cpp
C:\Users\benta\Downloads\Stereo Demo\OpenGLTemplate\src\Camera.h(135,36): warning C4244: "=": Konvertierung von "double" in "float", möglicher Datenverlust
  (Quelldatei „src/main.cpp“ wird kompiliert)
  
C:\Users\benta\Downloads\Stereo Demo\OpenGLTemplate\src\Camera.h(136,36): warning C4244: "=": Konvertierung von "double" in "float", möglicher Datenverlust
  (Quelldatei „src/main.cpp“ wird kompiliert)
  
C:\Users\benta\Downloads\Stereo Demo\OpenGLTemplate\src\Camera.h(378,18): warning C4244: "return": Konvertierung von "double" in "float", möglicher Datenverlust
  (Quelldatei „src/main.cpp“ wird kompiliert)
  
C:\Users\benta\Downloads\Stereo Demo\OpenGLTemplate\src\scene_manager.h(10,27): warning C4305: "Initialisierung": Verkürzung von "double" in "float"
  (Quelldatei „src/main.cpp“ wird kompiliert)
  
C:\Program Files (x86)\Windows Kits\10\Include\10.0.22621.0\shared\minwindef.h(130,9): warning C4005: "APIENTRY": Makro-Neudefinition
  (Quelldatei „src/main.cpp“ wird kompiliert)
      C:\Users\benta\Downloads\Stereo Demo\dependencies\include\glad\glad.h(32,9):
      siehe vorherige Definition von "APIENTRY"
  
C:\Users\benta\Downloads\Stereo Demo\OpenGLTemplate\src\main.cpp(228,33): warning C4244: "Initialisierung": Konvertierung von "double" in "float", möglicher Datenverlust
C:\Users\benta\Downloads\Stereo Demo\OpenGLTemplate\src\main.cpp(229,29): warning C4244: "Initialisierung": Konvertierung von "double" in "float", möglicher Datenverlust
C:\Users\benta\Downloads\Stereo Demo\OpenGLTemplate\src\main.cpp(230,29): warning C4244: "Initialisierung": Konvertierung von "double" in "float", möglicher Datenverlust
C:\Users\benta\Downloads\Stereo Demo\OpenGLTemplate\src\main.cpp(253,32): warning C4244: "Initialisierung": Konvertierung von "double" in "float", möglicher Datenverlust
C:\Users\benta\Downloads\Stereo Demo\OpenGLTemplate\src\main.cpp(253,27): warning C4244: "Initialisierung": Konvertierung von "double" in "const float", möglicher Datenverlust
C:\Users\benta\Downloads\Stereo Demo\OpenGLTemplate\src\main.cpp(254,51): warning C4244: "Initialisierung": Konvertierung von "double" in "float", möglicher Datenverlust
C:\Users\benta\Downloads\Stereo Demo\OpenGLTemplate\src\main.cpp(254,27): warning C4244: "Initialisierung": Konvertierung von "double" in "const float", möglicher Datenverlust
C:\Users\benta\Downloads\Stereo Demo\OpenGLTemplate\src\main.cpp(255,51): warning C4244: "Initialisierung": Konvertierung von "double" in "float", möglicher Datenverlust
C:\Users\benta\Downloads\Stereo Demo\OpenGLTemplate\src\main.cpp(255,27): warning C4244: "Initialisierung": Konvertierung von "double" in "const float", möglicher Datenverlust
C:\Users\benta\Downloads\Stereo Demo\OpenGLTemplate\src\main.cpp(415,28): warning C4244: "Initialisierung": Konvertierung von "double" in "float", möglicher Datenverlust
C:\Users\benta\Downloads\Stereo Demo\OpenGLTemplate\src\main.cpp(579,60): warning C4267: "Argument": Konvertierung von "size_t" nach "GLsizei", Datenverlust möglich
C:\Users\benta\Downloads\Stereo Demo\OpenGLTemplate\src\main.cpp(590,56): warning C4267: "Argument": Konvertierung von "size_t" nach "GLsizei", Datenverlust möglich
C:\Users\benta\Downloads\Stereo Demo\OpenGLTemplate\src\main.cpp(626,56): warning C4267: "Argument": Konvertierung von "size_t" nach "GLsizei", Datenverlust möglich
C:\Users\benta\Downloads\Stereo Demo\OpenGLTemplate\src\main.cpp(671,60): warning C4267: "=": Konvertierung von "size_t" nach "int", Datenverlust möglich
C:\Users\benta\Downloads\Stereo Demo\OpenGLTemplate\src\main.cpp(756,60): warning C4267: "=": Konvertierung von "size_t" nach "int", Datenverlust möglich
C:\Users\benta\Downloads\Stereo Demo\OpenGLTemplate\src\main.cpp(766,62): warning C4267: "=": Konvertierung von "size_t" nach "int", Datenverlust möglich
C:\Users\benta\Downloads\Stereo Demo\OpenGLTemplate\src\main.cpp(988,72): warning C4244: "Argument": Konvertierung von "int" in "float", möglicher Datenverlust
C:\Users\benta\Downloads\Stereo Demo\OpenGLTemplate\src\main.cpp(988,52): warning C4244: "Argument": Konvertierung von "int" in "float", möglicher Datenverlust
C:\Users\benta\Downloads\Stereo Demo\OpenGLTemplate\src\main.cpp(1054,56): warning C4267: "Argument": Konvertierung von "size_t" nach "GLsizei", Datenverlust möglich
C:\Users\benta\Downloads\Stereo Demo\OpenGLTemplate\src\main.cpp(1129,45): warning C4244: "Argument": Konvertierung von "float" in "GLint", möglicher Datenverlust
C:\Users\benta\Downloads\Stereo Demo\OpenGLTemplate\src\main.cpp(1129,18): warning C4244: "Argument": Konvertierung von "float" in "GLint", möglicher Datenverlust
C:\Users\benta\Downloads\Stereo Demo\OpenGLTemplate\src\main.cpp(1284,35): warning C4244: "Argument": Konvertierung von "double" in "float", möglicher Datenverlust
  obj_loader.cpp
C:\Users\benta\Downloads\Stereo Demo\OpenGLTemplate\src\Camera.h(135,36): warning C4244: "=": Konvertierung von "double" in "float", möglicher Datenverlust
  (Quelldatei „src/obj_loader.cpp“ wird kompiliert)
  
C:\Users\benta\Downloads\Stereo Demo\OpenGLTemplate\src\Camera.h(136,36): warning C4244: "=": Konvertierung von "double" in "float", möglicher Datenverlust
  (Quelldatei „src/obj_loader.cpp“ wird kompiliert)
  
C:\Users\benta\Downloads\Stereo Demo\OpenGLTemplate\src\Camera.h(378,18): warning C4244: "return": Konvertierung von "double" in "float", möglicher Datenverlust
  (Quelldatei „src/obj_loader.cpp“ wird kompiliert)
  
C:\Users\benta\Downloads\Stereo Demo\OpenGLTemplate\src\obj_loader.cpp(110,63): warning C4267: "Argument": Konvertierung von "size_t" nach "_Ty", Datenverlust möglich
C:\Users\benta\Downloads\Stereo Demo\OpenGLTemplate\src\obj_loader.cpp(110,63): warning C4267:         with
C:\Users\benta\Downloads\Stereo Demo\OpenGLTemplate\src\obj_loader.cpp(110,63): warning C4267:         [
C:\Users\benta\Downloads\Stereo Demo\OpenGLTemplate\src\obj_loader.cpp(110,63): warning C4267:             _Ty=GLuint
C:\Users\benta\Downloads\Stereo Demo\OpenGLTemplate\src\obj_loader.cpp(110,63): warning C4267:         ]
  portable-file-dialogs.h
  scene_manager.cpp
C:\Users\benta\Downloads\Stereo Demo\OpenGLTemplate\src\Camera.h(135,36): warning C4244: "=": Konvertierung von "double" in "float", möglicher Datenverlust
  (Quelldatei „src/scene_manager.cpp“ wird kompiliert)
  
C:\Users\benta\Downloads\Stereo Demo\OpenGLTemplate\src\Camera.h(136,36): warning C4244: "=": Konvertierung von "double" in "float", möglicher Datenverlust
  (Quelldatei „src/scene_manager.cpp“ wird kompiliert)
  
C:\Users\benta\Downloads\Stereo Demo\OpenGLTemplate\src\Camera.h(378,18): warning C4244: "return": Konvertierung von "double" in "float", möglicher Datenverlust
  (Quelldatei „src/scene_manager.cpp“ wird kompiliert)
  
C:\Users\benta\Downloads\Stereo Demo\OpenGLTemplate\src\scene_manager.h(10,27): warning C4305: "Initialisierung": Verkürzung von "double" in "float"
  (Quelldatei „src/scene_manager.cpp“ wird kompiliert)
  
  Code wird generiert...
  LINK : C:\Users\benta\Downloads\Stereo Demo\x64\Debug\Stereo Demo.exe wurde nicht gefunden oder beim letzten inkrementellen Linkvorgang nicht erstellt; vollständiger Link wird durchgeführt.
  OpenGLTemplate.vcxproj -> C:\Users\benta\Downloads\Stereo Demo\x64\Debug\Stereo Demo.exe
